<?xml version="1.0" encoding="UTF-8"?>
<beans xmlns="http://www.springframework.org/schema/beans" xmlns:xsi="http://www.w3.org/2001/XMLSchema-instance"
	xmlns:aop="http://www.springframework.org/schema/aop"
	xsi:schemaLocation="
      http://www.springframework.org/schema/beans http://www.springframework.org/schema/beans/spring-beans-2.5.xsd
      http://www.springframework.org/schema/aop http://www.springframework.org/schema/aop/spring-aop-2.5.xsd">
	<!-- Jamon -->
	<aop:aspectj-autoproxy proxy-target-class="false" />

	<!-- The Aspect for jamon -->
	<bean id="jamonMonitor" class="com.amos.utils.performance.JamonMonitor">
		<property name="identifier" value="mock" />
		<property name="completeSignature" value="true" />
	</bean>
	
	<!-- Pointcut declaration for monitoring without annotation-->
    <aop:config proxy-target-class="false">
        <aop:aspect ref="jamonMonitor">
            <aop:pointcut id="customMonitor" expression="execution(public void com.amos.utils.performance.test.MonitoredMock.mockMethodWithOutAnnotation())" />
            <aop:around pointcut-ref="customMonitor" method="monitor" />
        </aop:aspect>
    </aop:config>
	
	
	<bean id="mockService" class="com.amos.utils.performance.test.MonitoredMock" />
</beans>